<?xml version="1.0" encoding="UTF-8"?>
<testsuite xmlns:xsi="http://www.w3.org/2001/XMLSchema-instance" xsi:noNamespaceSchemaLocation="https://maven.apache.org/surefire/maven-surefire-plugin/xsd/surefire-test-report-3.0.xsd" version="3.0" name="de.hspf.swt.mondial.jpa.CountryJpaControllerTest" time="1.404" tests="5" errors="0" skipped="0" failures="0">
  <properties>
[...]
</properties>
  <testcase name="testGetCountries" classname="de.hspf.swt.mondial.jpa.CountryJpaControllerTest" time="1.294"/>
  <testcase name="testFindCountries" classname="de.hspf.swt.mondial.jpa.CountryJpaControllerTest" time="0.048"/>
  <testcase name="testFindCountry" classname="de.hspf.swt.mondial.jpa.CountryJpaControllerTest" time="0.013"/>
  <testcase name="testGetCountry" classname="de.hspf.swt.mondial.jpa.CountryJpaControllerTest" time="0.008"/>
  <testcase name="testCountCountries" classname="de.hspf.swt.mondial.jpa.CountryJpaControllerTest" time="0.031"/>
</testsuite>